# JRE version: Java(TM) SE Runtime Environment 18.9 (11.0.14+1) (build 11.0.14.0.1+1-LTS-3)
# Java VM: Java HotSpot(TM) 64-Bit Server VM 18.9 (11.0.14.0.1+1-LTS-3, mixed mode, tiered, compressed oops, g1 gc, windows-amd64)
Heap:
 garbage-first heap   total 196608K, used 49454K [0x0000000740000000, 0x0000000800000000)
  region size 1024K, 47 young (48128K), 9 survivors (9216K)
 Metaspace       used 24867K, capacity 25336K, committed 25472K, reserved 1073152K
  class space    used 2491K, capacity 2679K, committed 2688K, reserved 1048576K
GC Heap History (10 events):
Event: 2.774 GC heap before
{Heap before GC invocations=1 (full 0):
 garbage-first heap   total 196608K, used 8437K [0x0000000740000000, 0x0000000800000000)
  region size 1024K, 9 young (9216K), 2 survivors (2048K)
 Metaspace       used 11740K, capacity 11940K, committed 12032K, reserved 1060864K
  class space    used 1119K, capacity 1194K, committed 1280K, reserved 1048576K
}
Event: 2.781 GC heap after
{Heap after GC invocations=2 (full 0):
 garbage-first heap   total 196608K, used 3070K [0x0000000740000000, 0x0000000800000000)
  region size 1024K, 1 young (1024K), 1 survivors (1024K)
 Metaspace       used 11740K, capacity 11940K, committed 12032K, reserved 1060864K
  class space    used 1119K, capacity 1194K, committed 1280K, reserved 1048576K
}
Event: 3.558 GC heap before
{Heap before GC invocations=2 (full 0):
 garbage-first heap   total 196608K, used 17406K [0x0000000740000000, 0x0000000800000000)
  region size 1024K, 15 young (15360K), 1 survivors (1024K)
 Metaspace       used 13550K, capacity 13744K, committed 14080K, reserved 1062912K
  class space    used 1370K, capacity 1454K, committed 1536K, reserved 1048576K
}
Event: 3.563 GC heap after
{Heap after GC invocations=3 (full 0):
 garbage-first heap   total 196608K, used 3663K [0x0000000740000000, 0x0000000800000000)
  region size 1024K, 2 young (2048K), 2 survivors (2048K)
 Metaspace       used 13550K, capacity 13744K, committed 14080K, reserved 1062912K
  class space    used 1370K, capacity 1454K, committed 1536K, reserved 1048576K
}
Event: 4.574 GC heap before
{Heap before GC invocations=3 (full 0):
 garbage-first heap   total 196608K, used 24143K [0x0000000740000000, 0x0000000800000000)
  region size 1024K, 22 young (22528K), 2 survivors (2048K)
 Metaspace       used 16613K, capacity 16806K, committed 17024K, reserved 1064960K
  class space    used 1744K, capacity 1852K, committed 1920K, reserved 1048576K
}
Event: 4.581 GC heap after
{Heap after GC invocations=4 (full 0):
 garbage-first heap   total 196608K, used 4675K [0x0000000740000000, 0x0000000800000000)
  region size 1024K, 3 young (3072K), 3 survivors (3072K)
 Metaspace       used 16613K, capacity 16806K, committed 17024K, reserved 1064960K
  class space    used 1744K, capacity 1852K, committed 1920K, reserved 1048576K
}
Event: 12.684 GC heap before
{Heap before GC invocations=4 (full 0):
 garbage-first heap   total 196608K, used 51779K [0x0000000740000000, 0x0000000800000000)
  region size 1024K, 50 young (51200K), 3 survivors (3072K)
 Metaspace       used 20947K, capacity 21214K, committed 21248K, reserved 1069056K
  class space    used 2177K, capacity 2285K, committed 2304K, reserved 1048576K
}
Event: 12.701 GC heap after
{Heap after GC invocations=5 (full 0):
 garbage-first heap   total 196608K, used 7789K [0x0000000740000000, 0x0000000800000000)
  region size 1024K, 6 young (6144K), 6 survivors (6144K)
 Metaspace       used 20947K, capacity 21214K, committed 21248K, reserved 1069056K
  class space    used 2177K, capacity 2285K, committed 2304K, reserved 1048576K
}
Event: 27.682 GC heap before
{Heap before GC invocations=6 (full 0):
 garbage-first heap   total 196608K, used 83565K [0x0000000740000000, 0x0000000800000000)
  region size 1024K, 80 young (81920K), 6 survivors (6144K)
 Metaspace       used 22898K, capacity 23410K, committed 23552K, reserved 1071104K
  class space    used 2318K, capacity 2503K, committed 2560K, reserved 1048576K
}
Event: 27.715 GC heap after
{Heap after GC invocations=7 (full 0):
 garbage-first heap   total 196608K, used 11566K [0x0000000740000000, 0x0000000800000000)
  region size 1024K, 9 young (9216K), 9 survivors (9216K)
 Metaspace       used 22898K, capacity 23410K, committed 23552K, reserved 1071104K
  class space    used 2318K, capacity 2503K, committed 2560K, reserved 1048576K
}

